<?xml version="1.0" encoding="UTF-8"?>
<testsuite xmlns:xsi="http://www.w3.org/2001/XMLSchema-instance" xsi:noNamespaceSchemaLocation="https://maven.apache.org/surefire/maven-surefire-plugin/xsd/surefire-test-report-3.0.xsd" version="3.0" name="package1.server.GreetResourceMockedTest" time="5.344" tests="2" errors="0" skipped="0" failures="0">
  <properties>
[...]
</properties>
  <testcase name="testOciFailureShouldNotCauseInternalError" classname="package1.server.GreetResourceMockedTest" time="0.698">
    <system-out><![CDATA[2025.03.04 12:51:07 INFO io.helidon.common.LogConfig Thread[main,5,main]: Logging at initialization configured using /home/ec2-user/artifact/server/target/classes/logging.properties
2025.03.04 12:51:07 INFO io.helidon.microprofile.server.ServerCdiExtension Thread[main,5,main]: Registering JAX-RS Application: RestApplication
2025.03.04 12:51:08 INFO io.helidon.webserver.NettyWebServer Thread[nioEventLoopGroup-2-1,10,main]: Channel '@default' started: [id: 0xf0226773, L:/[0:0:0:0:0:0:0:0]:36669]
2025.03.04 12:51:08 INFO io.helidon.microprofile.server.ServerCdiExtension Thread[main,5,main]: Server started on http://localhost:36669 (and all other host addresses) in 5320 milliseconds (since JVM startup).
2025.03.04 12:51:08 INFO io.helidon.common.HelidonFeatures Thread[features-thread,5,main]: Helidon MP 2.6.5 features: [CDI, Config, Health, JAX-RS, Metrics, REST Client, Server]
2025.03.04 12:51:08 WARNING org.glassfish.jersey.message.internal.MessagingBinders Thread[main,5,main]: A class javax.activation.DataSource for a default provider MessageBodyWriter<javax.activation.DataSource> was not found. The provider is not available.
2025.03.04 12:51:09 INFO package1.server.GreetResource Thread[helidon-server-1,5,server]: GreetResource is instantiated
2025.03.04 12:51:09 INFO package1.server.GreetResource Thread[helidon-server-1,5,server]: getDefaultMessage() is invoked
2025.03.04 12:51:09 WARNING package1.server.GreetResource Thread[helidon-server-1,5,server]: Received error while executing MonitoringClient.postMetricData(: Simulate Logging.postMetricDataException
2025.03.04 12:51:09 WARNING package1.server.GreetResource Thread[helidon-server-1,5,server]: Received error while executing LoggingClient.putLogs: Simulate Logging.putLogs Exception
]]></system-out>
    <system-err><![CDATA[SLF4J: No SLF4J providers were found.
SLF4J: Defaulting to no-operation (NOP) logger implementation
SLF4J: See https://www.slf4j.org/codes.html#noProviders for further details.
]]></system-err>
  </testcase>
  <testcase name="testHelloWorld" classname="package1.server.GreetResourceMockedTest" time="0.235">
    <system-out><![CDATA[2025.03.04 12:51:09 INFO package1.server.GreetResource Thread[helidon-server-3,5,server]: getDefaultMessage() is invoked
2025.03.04 12:51:09 INFO package1.server.GreetResource Thread[helidon-server-3,5,server]: publishMetric successfully sends metric to OCI monitoring service
2025.03.04 12:51:09 INFO package1.server.GreetResource Thread[helidon-server-3,5,server]: publishLog() successfully sends log to OCI logging service
2025.03.04 12:51:09 INFO package1.server.GreetResource Thread[helidon-server-2,5,server]: getMessage(Joe) is invoked
2025.03.04 12:51:09 INFO package1.server.GreetResource Thread[helidon-server-2,5,server]: publishMetric successfully sends metric to OCI monitoring service
2025.03.04 12:51:09 INFO package1.server.GreetResource Thread[helidon-server-2,5,server]: publishLog() successfully sends log to OCI logging service
2025.03.04 12:51:09 INFO package1.server.GreetResource Thread[helidon-server-4,5,server]: updateGreeting(greeting: Hola) is invoked
2025.03.04 12:51:09 INFO package1.server.GreetResource Thread[helidon-server-4,5,server]: publishMetric successfully sends metric to OCI monitoring service
2025.03.04 12:51:09 INFO package1.server.GreetResource Thread[helidon-server-4,5,server]: publishLog() successfully sends log to OCI logging service
2025.03.04 12:51:09 WARNING io.helidon.webserver.BareResponseImpl Thread[helidon-server-4,5,server]: Entity was requested and not fully consumed before a response is sent. This is not supported. Connection will be closed. Please fix your route for PUT /greet/greeting
2025.03.04 12:51:09 INFO package1.server.GreetResource Thread[helidon-server-1,5,server]: getDefaultMessage() is invoked
2025.03.04 12:51:09 INFO package1.server.GreetResource Thread[helidon-server-1,5,server]: publishMetric successfully sends metric to OCI monitoring service
2025.03.04 12:51:09 INFO package1.server.GreetResource Thread[helidon-server-1,5,server]: publishLog() successfully sends log to OCI logging service
]]></system-out>
  </testcase>
</testsuite>